<?xml version="1.0" encoding="UTF-8"?>
<!-- Generated by org.testng.reporters.JUnitXMLReporter -->
<testsuite hostname="Jeys-MBP.home" ignored="0" name="Default test" tests="11" failures="0" timestamp="2019-11-06T10:38:33 EST" time="647.591" errors="0">
  <testcase name="test" time="230.108" classname="vector_HomoSector.Vector_HomoSector.NetworkConditions"/>
  <testcase name="test" time="115.714" classname="vector_HomoSector.Vector_HomoSector.NetworkConditions"/>
  <testcase name="test" time="76.725" classname="vector_HomoSector.Vector_HomoSector.NetworkConditions"/>
  <testcase name="test" time="57.967" classname="vector_HomoSector.Vector_HomoSector.NetworkConditions"/>
  <testcase name="test" time="50.669" classname="vector_HomoSector.Vector_HomoSector.NetworkConditions"/>
  <testcase name="test" time="29.982" classname="vector_HomoSector.Vector_HomoSector.NetworkConditions"/>
  <testcase name="test" time="29.882" classname="vector_HomoSector.Vector_HomoSector.NetworkConditions"/>
  <testcase name="test" time="25.102" classname="vector_HomoSector.Vector_HomoSector.NetworkConditions"/>
  <testcase name="test" time="16.371" classname="vector_HomoSector.Vector_HomoSector.NetworkConditions"/>
  <testcase name="test" time="13.098" classname="vector_HomoSector.Vector_HomoSector.NetworkConditions"/>
  <testcase name="test" time="1.927" classname="vector_HomoSector.Vector_HomoSector.NetworkConditions"/>
</testsuite> <!-- Default test -->
